0 info it worked if it ends with ok
1 verbose cli [ 'D:\\Prog Files\\nodejs\\node.exe',
1 verbose cli   'D:\\Prog Files\\nodejs\\node_modules\\npm\\bin\\npm-cli.js',
1 verbose cli   'run-script',
1 verbose cli   'test' ]
2 info using npm@3.10.10
3 info using node@v6.11.2
4 verbose run-script [ 'pretest', 'test', 'posttest' ]
5 info lifecycle NodePlusAngularJS@0.1.0~pretest: NodePlusAngularJS@0.1.0
6 silly lifecycle NodePlusAngularJS@0.1.0~pretest: no script for pretest, continuing
7 info lifecycle NodePlusAngularJS@0.1.0~test: NodePlusAngularJS@0.1.0
8 verbose lifecycle NodePlusAngularJS@0.1.0~test: unsafe-perm in lifecycle true
9 verbose lifecycle NodePlusAngularJS@0.1.0~test: PATH: D:\Prog Files\nodejs\node_modules\npm\bin\node-gyp-bin;D:\User\Yoda\eclipse\groupMeBot\botbot\node_modules\.bin;D:/Program Files/Java/empty/bin/server;D:/Program Files/Java/empty/bin;D:/Program Files/Java/empty/lib/amd64;C:\ProgramData\Oracle\Java\javapath;C:\Windows\system32;C:\Windows;C:\Windows\System32\Wbem;C:\Windows\System32\WindowsPowerShell\v1.0\;C:\Program Files (x86)\NVIDIA Corporation\PhysX\Common;C:\cygwin64\bin;C:\WINDOWS\system32;C:\WINDOWS;C:\WINDOWS\System32\Wbem;C:\WINDOWS\System32\WindowsPowerShell\v1.0\;C:\Program Files\Microsoft SQL Server\130\Tools\Binn\;C:\Program Files\dotnet\;D:\Prog Files\nodejs\;C:\Program Files (x86)\GtkSharp\2.12\bin;C:\Program Files\Git\cmd;C:\Users\Yoda\AppData\Local\Microsoft\WindowsApps;C:\cygwin64\bin;;D:\Program Files (x86)\Microsoft VS Code\bin;C:\Users\Yoda\AppData\Roaming\npm;C:\Users\Yoda\.eclipse\jee-neon\eclipse;
10 verbose lifecycle NodePlusAngularJS@0.1.0~test: CWD: D:\User\Yoda\eclipse\groupMeBot\botbot
11 silly lifecycle NodePlusAngularJS@0.1.0~test: Args: [ '/d /s /c',
11 silly lifecycle   'echo "Error: no test specified! Configure in package.json" && exit 1' ]
12 silly lifecycle NodePlusAngularJS@0.1.0~test: Returned: code: 1  signal: null
13 info lifecycle NodePlusAngularJS@0.1.0~test: Failed to exec test script
14 verbose stack Error: NodePlusAngularJS@0.1.0 test: `echo "Error: no test specified! Configure in package.json" && exit 1`
14 verbose stack Exit status 1
14 verbose stack     at EventEmitter.<anonymous> (D:\Prog Files\nodejs\node_modules\npm\lib\utils\lifecycle.js:255:16)
14 verbose stack     at emitTwo (events.js:106:13)
14 verbose stack     at EventEmitter.emit (events.js:191:7)
14 verbose stack     at ChildProcess.<anonymous> (D:\Prog Files\nodejs\node_modules\npm\lib\utils\spawn.js:40:14)
14 verbose stack     at emitTwo (events.js:106:13)
14 verbose stack     at ChildProcess.emit (events.js:191:7)
14 verbose stack     at maybeClose (internal/child_process.js:891:16)
14 verbose stack     at Process.ChildProcess._handle.onexit (internal/child_process.js:226:5)
15 verbose pkgid NodePlusAngularJS@0.1.0
16 verbose cwd D:\User\Yoda\eclipse\groupMeBot\botbot
17 error Windows_NT 10.0.16299
18 error argv "D:\\Prog Files\\nodejs\\node.exe" "D:\\Prog Files\\nodejs\\node_modules\\npm\\bin\\npm-cli.js" "run-script" "test"
19 error node v6.11.2
20 error npm  v3.10.10
21 error code ELIFECYCLE
22 error NodePlusAngularJS@0.1.0 test: `echo "Error: no test specified! Configure in package.json" && exit 1`
22 error Exit status 1
23 error Failed at the NodePlusAngularJS@0.1.0 test script 'echo "Error: no test specified! Configure in package.json" && exit 1'.
23 error Make sure you have the latest version of node.js and npm installed.
23 error If you do, this is most likely a problem with the NodePlusAngularJS package,
23 error not with npm itself.
23 error Tell the author that this fails on your system:
23 error     echo "Error: no test specified! Configure in package.json" && exit 1
23 error You can get information on how to open an issue for this project with:
23 error     npm bugs NodePlusAngularJS
23 error Or if that isn't available, you can get their info via:
23 error     npm owner ls NodePlusAngularJS
23 error There is likely additional logging output above.
24 verbose exit [ 1, true ]
